<?xml version="1.0" encoding="utf-8"?><testsuites name="pytest tests"><testsuite name="pytest" errors="0" failures="0" skipped="0" tests="6" time="1.987" timestamp="2026-06-09T06:29:14.085606+00:00" hostname="agent-env-1e409300-605d-4dd7-a025-d1df53eea62f"><testcase classname="backend.tests.test_sessions_api" name="test_root" time="0.354" /><testcase classname="backend.tests.test_sessions_api" name="test_create_session_arabic_roundtrip" time="0.135" /><testcase classname="backend.tests.test_sessions_api" name="test_list_sessions_contains_created" time="0.110" /><testcase classname="backend.tests.test_sessions_api" name="test_delete_session_and_verify_removal" time="0.173" /><testcase classname="backend.tests.test_sessions_api" name="test_get_nonexistent_session_404" time="0.054" /><testcase classname="backend.tests.test_sessions_api" name="test_wifi_relay_forward_unreachable_returns_200_with_error_status" time="0.601" /></testsuite></testsuites>